<?xml version="1.0" encoding="UTF-8"?>
<Site BuildName="Darwin-clang++"
	BuildStamp="20230611-1226-Experimental"
	Name="as-MacBook-Pro"
	Generator="ctest-3.23.1"
	CompilerName="/usr/bin/clang++"
	CompilerVersion="11.0.3.11030032"
	OSName="Mac OS X"
	Hostname="as-MacBook-Pro.local"
	OSRelease="10.15.5"
	OSVersion="19F101"
	OSPlatform="x86_64"
	Is64Bits="1"
	VendorString="GenuineIntel"
	VendorID="Intel Corporation"
	FamilyID="6"
	ModelID="142"
	ProcessorCacheSize="32768"
	NumberOfLogicalCPU="8"
	NumberOfPhysicalCPU="4"
	TotalVirtualMemory="0"
	TotalPhysicalMemory="16384"
	LogicalProcessorsPerPhysical="8"
	ProcessorClockFrequency="1400"
	>
	<Testing>
		<StartDateTime>Jun 11 13:26 BST</StartDateTime>
		<StartTestTime>1686486417</StartTestTime>
		<TestList/>
		<EndDateTime>Jun 11 13:26 BST</EndDateTime>
		<EndTestTime>1686486417</EndTestTime>
		<ElapsedMinutes>0</ElapsedMinutes>
	</Testing>
</Site>
